#
# There is insufficient memory for the Java Runtime Environment to continue.
# Native memory allocation (malloc) failed to allocate 1048576 bytes for AllocateHeap
# Possible reasons:
#   The system is out of physical RAM or swap space
#   The process is running with CompressedOops enabled, and the Java Heap may be blocking the growth of the native heap
# Possible solutions:
#   Reduce memory load on the system
#   Increase physical memory or swap space
#   Check if swap backing store is full
#   Decrease Java heap size (-Xmx/-Xms)
#   Decrease number of Java threads
#   Decrease Java thread stack sizes (-Xss)
#   Set larger code cache with -XX:ReservedCodeCacheSize=
#   JVM is running with Unscaled Compressed Oops mode in which the Java heap is
#     placed in the first 4GB address space. The Java Heap base address is the
#     maximum limit for the native heap growth. Please use -XX:HeapBaseMinAddress
#     to set the Java Heap base and to place the Java Heap above 4GB virtual address.
# This output file may be truncated or incomplete.
#
#  Out of Memory Error (allocation.cpp:44), pid=15416, tid=7208
#
# JRE version:  (20.0.1+9) (build )
# Java VM: Java HotSpot(TM) 64-Bit Server VM (20.0.1+9-29, mixed mode, sharing, tiered, compressed oops, compressed class ptrs, g1 gc, windows-amd64)
# No core dump will be written. Minidumps are not enabled by default on client versions of Windows
#

---------------  S U M M A R Y ------------

Command Line: -Dfile.encoding=UTF-8 -Djava.security.policy=applet.policy --module-path=C:\Netbeanside\University Management System\build\classes university.management.system.StudentLeaveDetails

Host: 11th Gen Intel(R) Core(TM) i5-1135G7 @ 2.40GHz, 8 cores, 7G,  Windows 11 , 64 bit Build 22621 (10.0.22621.1928)
Time: Thu Aug 10 17:20:54 2023 India Standard Time elapsed time: 0.013744 seconds (0d 0h 0m 0s)

---------------  T H R E A D  ---------------

Current thread (0x0000023a21234490):  JavaThread "Unknown thread" [_thread_in_vm, id=7208, stack(0x0000005b13600000,0x0000005b13700000)]

Stack: [0x0000005b13600000,0x0000005b13700000]
Native frames: (J=compiled Java code, j=interpreted, Vv=VM code, C=native code)
V  [jvm.dll+0x6bb95a]
V  [jvm.dll+0x8485fa]
V  [jvm.dll+0x84a1f5]
V  [jvm.dll+0x84a8f3]
V  [jvm.dll+0x280b0f]
V  [jvm.dll+0xbcec5]
V  [jvm.dll+0x333b65]
V  [jvm.dll+0x32c301]
V  [jvm.dll+0x8112bf]
V  [jvm.dll+0x3c0d91]
V  [jvm.dll+0x7fcfe3]
V  [jvm.dll+0x44c76f]
V  [jvm.dll+0x44e0e1]
C  [jli.dll+0x5287]
C  [ucrtbase.dll+0x29363]
C  [KERNEL32.DLL+0x126ad]
C  [ntdll.dll+0x5aa68]


---------------  P R O C E S S  ---------------

Threads class SMR info:
_java_thread_list=0x00007ffb4b3ca098, length=0, elements={
}

Java Threads: ( => current thread )

Other Threads:
  0x0000023a21292ec0 WorkerThread "GC Thread#0" [stack: 0x0000005b13700000,0x0000005b13800000] [id=26804]

[error occurred during error reporting (printing all threads), id 0xc0000005, EXCEPTION_ACCESS_VIOLATION (0xc0000005) at pc=0x00007ffb4aba8a00]
VM state: not at safepoint (not fully initialized)

VM Mutex/Monitor currently owned by a thread:  ([mutex/lock_event])
[0x0000023a212318f0] Heap_lock - owner thread: 0x0000023a21234490

Heap address: 0x0000000083600000, size: 1994 MB, Compressed Oops mode: 32-bit

CDS archive(s) mapped at: [0x0000000000000000-0x0000000000000000-0x0000000000000000), size 0, SharedBaseAddress: 0x0000000800000000, ArchiveRelocationMode: 0.
Narrow klass base: 0x0000000000000000, Narrow klass shift: 0, Narrow klass range: 0x0

GC Precious Log:
 CardTable entry size: 512
 Card Set container configuration: InlinePtr #cards 5 size 8 Array Of Cards #cards 12 size 40 Howl #buckets 4 coarsen threshold 1843 Howl Bitmap #cards 512 size 80 coarsen threshold 460 Card regions per heap region 1 cards per card region 2048

Heap:
 garbage-first heap   total 0K, used 0K [0x0000000083600000, 0x0000000100000000)
  region size 1024K, 0 young (0K), 0 survivors (0K)

[error occurred during error reporting (printing heap information), id 0xc0000005, EXCEPTION_ACCESS_VIOLATION (0xc0000005) at pc=0x00007ffb4af83c59]
GC Heap History (0 events):
No events

Dll operation events (1 events):
Event: 0.009 Loaded shared library C:\Program Files\Java\jdk-20\bin\java.dll

Deoptimization events (0 events):
No events

Classes loaded (0 events):
No events

Classes unloaded (0 events):
No events

Classes redefined (0 events):
No events

Internal exceptions (0 events):
No events

VM Operations (0 events):
No events

Events (0 events):
No events


Dynamic libraries:
0x00007ff631f60000 - 0x00007ff631f70000 	C:\Program Files\Java\jdk-20\bin\java.exe
0x00007ffb92990000 - 0x00007ffb92ba4000 	C:\WINDOWS\SYSTEM32\ntdll.dll
0x00007ffb91ca0000 - 0x00007ffb91d62000 	C:\WINDOWS\System32\KERNEL32.DLL
0x00007ffb903c0000 - 0x00007ffb90763000 	C:\WINDOWS\System32\KERNELBASE.dll
0x00007ffb90090000 - 0x00007ffb901a1000 	C:\WINDOWS\System32\ucrtbase.dll
0x00007ffb51970000 - 0x00007ffb5198b000 	C:\Program Files\Java\jdk-20\bin\VCRUNTIME140.dll
0x00007ffb7fb80000 - 0x00007ffb7fb99000 	C:\Program Files\Java\jdk-20\bin\jli.dll
0x00007ffb92130000 - 0x00007ffb921de000 	C:\WINDOWS\System32\ADVAPI32.dll
0x00007ffb91bf0000 - 0x00007ffb91c97000 	C:\WINDOWS\System32\msvcrt.dll
0x00007ffb90780000 - 0x00007ffb90824000 	C:\WINDOWS\System32\sechost.dll
0x00007ffb923b0000 - 0x00007ffb924c7000 	C:\WINDOWS\System32\RPCRT4.dll
0x00007ffb921e0000 - 0x00007ffb9238a000 	C:\WINDOWS\System32\USER32.dll
0x00007ffb8fd90000 - 0x00007ffb8fdb6000 	C:\WINDOWS\System32\win32u.dll
0x00007ffb6f930000 - 0x00007ffb6fbbe000 	C:\WINDOWS\WinSxS\amd64_microsoft.windows.common-controls_6595b64144ccf1df_6.0.22621.1635_none_270f70857386168e\COMCTL32.dll
0x00007ffb91170000 - 0x00007ffb91199000 	C:\WINDOWS\System32\GDI32.dll
0x00007ffb8fdc0000 - 0x00007ffb8fed9000 	C:\WINDOWS\System32\gdi32full.dll
0x00007ffb901b0000 - 0x00007ffb9024a000 	C:\WINDOWS\System32\msvcp_win.dll
0x00007ffb82570000 - 0x00007ffb8257a000 	C:\WINDOWS\SYSTEM32\VERSION.dll
0x00007ffb91a20000 - 0x00007ffb91a51000 	C:\WINDOWS\System32\IMM32.DLL
0x00007ffb85de0000 - 0x00007ffb85dec000 	C:\Program Files\Java\jdk-20\bin\vcruntime140_1.dll
0x00007ffb508d0000 - 0x00007ffb5095e000 	C:\Program Files\Java\jdk-20\bin\msvcp140.dll
0x00007ffb4a870000 - 0x00007ffb4b507000 	C:\Program Files\Java\jdk-20\bin\server\jvm.dll
0x00007ffb85160000 - 0x00007ffb85194000 	C:\WINDOWS\SYSTEM32\WINMM.dll
0x00007ffb792f0000 - 0x00007ffb792f9000 	C:\WINDOWS\SYSTEM32\WSOCK32.dll
0x00007ffb919a0000 - 0x00007ffb91a11000 	C:\WINDOWS\System32\WS2_32.dll
0x00007ffb8eea0000 - 0x00007ffb8eeb8000 	C:\WINDOWS\SYSTEM32\kernel.appcore.dll
0x00007ffb851d0000 - 0x00007ffb851da000 	C:\Program Files\Java\jdk-20\bin\jimage.dll
0x00007ffb8d6f0000 - 0x00007ffb8d91e000 	C:\WINDOWS\SYSTEM32\DBGHELP.DLL
0x00007ffb92530000 - 0x00007ffb928b9000 	C:\WINDOWS\System32\combase.dll
0x00007ffb91090000 - 0x00007ffb91167000 	C:\WINDOWS\System32\OLEAUT32.dll
0x00007ffb71fb0000 - 0x00007ffb71fe2000 	C:\WINDOWS\SYSTEM32\dbgcore.DLL
0x00007ffb90010000 - 0x00007ffb9008a000 	C:\WINDOWS\System32\bcryptPrimitives.dll
0x00007ffb51900000 - 0x00007ffb51926000 	C:\Program Files\Java\jdk-20\bin\java.dll

dbghelp: loaded successfully - version: 4.0.5 - missing functions: none
symbol engine: initialized successfully - sym options: 0x614 - pdb path: .;C:\Program Files\Java\jdk-20\bin;C:\WINDOWS\SYSTEM32;C:\WINDOWS\WinSxS\amd64_microsoft.windows.common-controls_6595b64144ccf1df_6.0.22621.1635_none_270f70857386168e;C:\Program Files\Java\jdk-20\bin\server

VM Arguments:
jvm_args: -Dfile.encoding=UTF-8 -Djava.security.policy=applet.policy --module-path=C:\Netbeanside\University Management System\build\classes 
java_command: university.management.system.StudentLeaveDetails
java_class_path (initial): C:\Users\ashis\Downloads\jcalendar-tz-1.3.3-4.jar;C:\mysql.connecot\mysql-connector-java-5.1.21\mysql-connector-java-5.1.21-bin.jar;C:\Users\ashis\Downloads\rs2xml.jar;C:\Netbeanside\University Management System\build\classes
Launcher Type: SUN_STANDARD

[Global flags]
     intx CICompilerCount                          = 4                                         {product} {ergonomic}
     uint ConcGCThreads                            = 2                                         {product} {ergonomic}
     uint G1ConcRefinementThreads                  = 8                                         {product} {ergonomic}
   size_t G1HeapRegionSize                         = 1048576                                   {product} {ergonomic}
    uintx GCDrainStackTargetSize                   = 64                                        {product} {ergonomic}
   size_t InitialHeapSize                          = 132120576                                 {product} {ergonomic}
   size_t MarkStackSize                            = 4194304                                   {product} {ergonomic}
   size_t MaxHeapSize                              = 2090860544                                {product} {ergonomic}
   size_t MinHeapDeltaBytes                        = 1048576                                   {product} {ergonomic}
   size_t MinHeapSize                              = 8388608                                   {product} {ergonomic}
    uintx NonNMethodCodeHeapSize                   = 5839372                                {pd product} {ergonomic}
    uintx NonProfiledCodeHeapSize                  = 122909434                              {pd product} {ergonomic}
    uintx ProfiledCodeHeapSize                     = 122909434                              {pd product} {ergonomic}
    uintx ReservedCodeCacheSize                    = 251658240                              {pd product} {ergonomic}
     bool SegmentedCodeCache                       = true                                      {product} {ergonomic}
   size_t SoftMaxHeapSize                          = 2090860544                             {manageable} {ergonomic}
     bool UseCompressedClassPointers               = true                           {product lp64_product} {ergonomic}
     bool UseCompressedOops                        = true                           {product lp64_product} {ergonomic}
     bool UseG1GC                                  = true                                      {product} {ergonomic}
     bool UseLargePagesIndividualAllocation        = false                                  {pd product} {ergonomic}

Logging:
Log output configuration:
 #0: stdout all=warning uptime,level,tags foldmultilines=false
 #1: stderr all=off uptime,level,tags foldmultilines=false

Environment Variables:
PATH=C:\Program Files\Java\jdk-17\bin;C:\Users\ashis\AppData\Local\Microsoft\WindowsApps;C:\Users\ashis\Desktop\Microsoft VS Code\bin;C:\Program Files\Java\jdk-20\bin;C:\Program Files\Java\jdk-17\bin;
USERNAME=ashis
OS=Windows_NT
PROCESSOR_IDENTIFIER=Intel64 Family 6 Model 140 Stepping 1, GenuineIntel
TMP=C:\Users\ashis\AppData\Local\Temp
TEMP=C:\Users\ashis\AppData\Local\Temp




---------------  S Y S T E M  ---------------

OS:
 Windows 11 , 64 bit Build 22621 (10.0.22621.1928)
OS uptime: 3 days 7:57 hours
Hyper-V role detected

CPU: total 8 (initial active 8) (4 cores per cpu, 2 threads per core) family 6 model 140 stepping 1 microcode 0x8a, cx8, cmov, fxsr, ht, mmx, 3dnowpref, sse, sse2, sse3, ssse3, sse4.1, sse4.2, popcnt, lzcnt, tsc, tscinvbit, avx, avx2, aes, erms, clmul, bmi1, bmi2, adx, avx512f, avx512dq, avx512cd, avx512bw, avx512vl, sha, fma, vzeroupper, avx512_vpopcntdq, avx512_vpclmulqdq, avx512_vaes, avx512_vnni, clflush, clflushopt, clwb, avx512_vbmi2, avx512_vbmi, hv, rdtscp, rdpid, fsrm, gfni, avx512_bitalg, f16c, cet_ibt, cet_ss, avx512_ifma

Memory: 4k page, system-wide physical 7971M (865M free)
TotalPageFile size 32547M (AvailPageFile size 5M)
current process WorkingSet (physical memory assigned to process): 11M, peak: 11M
current process commit charge ("private bytes"): 54M, peak: 55M

vm_info: Java HotSpot(TM) 64-Bit Server VM (20.0.1+9-29) for windows-amd64 JRE (20.0.1+9-29), built on 2023-03-07T13:56:11Z by "mach5one" with MS VC++ 17.1 (VS2022)

END.
